<?xml version="1.0" encoding="UTF-8"?>
<testsuite xmlns:xsi="http://www.w3.org/2001/XMLSchema-instance" xsi:noNamespaceSchemaLocation="https://maven.apache.org/surefire/maven-surefire-plugin/xsd/surefire-test-report-3.0.xsd" version="3.0" name="main.spring.login.demo2.Demo2ApplicationTests" time="10.708" tests="1" errors="0" skipped="0" failures="0">
  <properties>
[...]
</properties>
  <testcase name="contextLoads" classname="main.spring.login.demo2.Demo2ApplicationTests" time="0.776">
    <system-out><![CDATA[17:46:06.034 [main] INFO org.springframework.test.context.support.AnnotationConfigContextLoaderUtils -- Could not detect default configuration classes for test class [main.spring.login.demo2.Demo2ApplicationTests]: Demo2ApplicationTests does not declare any static, non-private, non-final, nested classes annotated with @Configuration.
17:46:06.178 [main] INFO org.springframework.boot.test.context.SpringBootTestContextBootstrapper -- Found @SpringBootConfiguration main.spring.login.demo2.Demo2Application for test class main.spring.login.demo2.Demo2ApplicationTests
17:46:06.409 [main] INFO org.springframework.boot.devtools.restart.RestartApplicationListener -- Restart disabled due to context in which it is running

  .   ____          _            __ _ _
 /\\ / ___'_ __ _ _(_)_ __  __ _ \ \ \ \
( ( )\___ | '_ | '_| | '_ \/ _` | \ \ \ \
 \\/  ___)| |_)| | | | | || (_| |  ) ) ) )
  '  |____| .__|_| |_|_| |_\__, | / / / /
 =========|_|==============|___/=/_/_/_/
 :: Spring Boot ::                (v3.2.3)

2024-04-11T17:46:06.794+09:00  INFO 706745 --- [demo2] [           main] m.s.login.demo2.Demo2ApplicationTests    : Starting Demo2ApplicationTests using Java 17.0.10 with PID 706745 (started by seull in /home/seull/final/4team_final_MainSpring/demo2)
2024-04-11T17:46:06.795+09:00  INFO 706745 --- [demo2] [           main] m.s.login.demo2.Demo2ApplicationTests    : No active profile set, falling back to 1 default profile: "default"
2024-04-11T17:46:07.875+09:00  INFO 706745 --- [demo2] [           main] .s.d.r.c.RepositoryConfigurationDelegate : Multiple Spring Data modules found, entering strict repository configuration mode
2024-04-11T17:46:07.886+09:00  INFO 706745 --- [demo2] [           main] .s.d.r.c.RepositoryConfigurationDelegate : Bootstrapping Spring Data JDBC repositories in DEFAULT mode.
2024-04-11T17:46:08.031+09:00  INFO 706745 --- [demo2] [           main] .RepositoryConfigurationExtensionSupport : Spring Data JDBC - Could not safely identify store assignment for repository candidate interface main.spring.login.demo2.repository.BusinessRepository; If you want this repository to be a JDBC repository, consider annotating your entities with one of these annotations: org.springframework.data.relational.core.mapping.Table.
2024-04-11T17:46:08.036+09:00  INFO 706745 --- [demo2] [           main] .RepositoryConfigurationExtensionSupport : Spring Data JDBC - Could not safely identify store assignment for repository candidate interface main.spring.login.demo2.repository.CStorageRepository; If you want this repository to be a JDBC repository, consider annotating your entities with one of these annotations: org.springframework.data.relational.core.mapping.Table.
2024-04-11T17:46:08.038+09:00  INFO 706745 --- [demo2] [           main] .RepositoryConfigurationExtensionSupport : Spring Data JDBC - Could not safely identify store assignment for repository candidate interface main.spring.login.demo2.repository.ContactRepository; If you want this repository to be a JDBC repository, consider annotating your entities with one of these annotations: org.springframework.data.relational.core.mapping.Table.
2024-04-11T17:46:08.040+09:00  INFO 706745 --- [demo2] [           main] .RepositoryConfigurationExtensionSupport : Spring Data JDBC - Could not safely identify store assignment for repository candidate interface main.spring.login.demo2.repository.DeliveryRepository; If you want this repository to be a JDBC repository, consider annotating your entities with one of these annotations: org.springframework.data.relational.core.mapping.Table.
2024-04-11T17:46:08.042+09:00  INFO 706745 --- [demo2] [           main] .RepositoryConfigurationExtensionSupport : Spring Data JDBC - Could not safely identify store assignment for repository candidate interface main.spring.login.demo2.repository.GoodsMasterRepository; If you want this repository to be a JDBC repository, consider annotating your entities with one of these annotations: org.springframework.data.relational.core.mapping.Table.
2024-04-11T17:46:08.044+09:00  INFO 706745 --- [demo2] [           main] .RepositoryConfigurationExtensionSupport : Spring Data JDBC - Could not safely identify store assignment for repository candidate interface main.spring.login.demo2.repository.InputRepository; If you want this repository to be a JDBC repository, consider annotating your entities with one of these annotations: org.springframework.data.relational.core.mapping.Table.
2024-04-11T17:46:08.045+09:00  INFO 706745 --- [demo2] [           main] .RepositoryConfigurationExtensionSupport : Spring Data JDBC - Could not safely identify store assignment for repository candidate interface main.spring.login.demo2.repository.InventoryRepository; If you want this repository to be a JDBC repository, consider annotating your entities with one of these annotations: org.springframework.data.relational.core.mapping.Table.
2024-04-11T17:46:08.047+09:00  INFO 706745 --- [demo2] [           main] .RepositoryConfigurationExtensionSupport : Spring Data JDBC - Could not safely identify store assignment for repository candidate interface main.spring.login.demo2.repository.OrderMasterRepository; If you want this repository to be a JDBC repository, consider annotating your entities with one of these annotations: org.springframework.data.relational.core.mapping.Table.
2024-04-11T17:46:08.049+09:00  INFO 706745 --- [demo2] [           main] .RepositoryConfigurationExtensionSupport : Spring Data JDBC - Could not safely identify store assignment for repository candidate interface main.spring.login.demo2.repository.OrderProductRepository; If you want this repository to be a JDBC repository, consider annotating your entities with one of these annotations: org.springframework.data.relational.core.mapping.Table.
2024-04-11T17:46:08.052+09:00  INFO 706745 --- [demo2] [           main] .RepositoryConfigurationExtensionSupport : Spring Data JDBC - Could not safely identify store assignment for repository candidate interface main.spring.login.demo2.repository.StorageRepository; If you want this repository to be a JDBC repository, consider annotating your entities with one of these annotations: org.springframework.data.relational.core.mapping.Table.
2024-04-11T17:46:08.054+09:00  INFO 706745 --- [demo2] [           main] .RepositoryConfigurationExtensionSupport : Spring Data JDBC - Could not safely identify store assignment for repository candidate interface main.spring.login.demo2.repository.VendorRepository; If you want this repository to be a JDBC repository, consider annotating your entities with one of these annotations: org.springframework.data.relational.core.mapping.Table.
2024-04-11T17:46:08.055+09:00  INFO 706745 --- [demo2] [           main] .s.d.r.c.RepositoryConfigurationDelegate : Finished Spring Data repository scanning in 162 ms. Found 0 JDBC repository interfaces.
2024-04-11T17:46:08.074+09:00  INFO 706745 --- [demo2] [           main] .s.d.r.c.RepositoryConfigurationDelegate : Multiple Spring Data modules found, entering strict repository configuration mode
2024-04-11T17:46:08.076+09:00  INFO 706745 --- [demo2] [           main] .s.d.r.c.RepositoryConfigurationDelegate : Bootstrapping Spring Data JPA repositories in DEFAULT mode.
2024-04-11T17:46:08.169+09:00  INFO 706745 --- [demo2] [           main] .s.d.r.c.RepositoryConfigurationDelegate : Finished Spring Data repository scanning in 87 ms. Found 11 JPA repository interfaces.
2024-04-11T17:46:08.702+09:00  WARN 706745 --- [demo2] [           main] trationDelegate$BeanPostProcessorChecker : Bean 'org.springframework.ws.config.annotation.DelegatingWsConfiguration' of type [org.springframework.ws.config.annotation.DelegatingWsConfiguration$$SpringCGLIB$$0] is not eligible for getting processed by all BeanPostProcessors (for example: not eligible for auto-proxying). The currently created BeanPostProcessor [annotationActionEndpointMapping] is declared through a non-static factory method on that class; consider declaring it as static instead.
2024-04-11T17:46:08.756+09:00  INFO 706745 --- [demo2] [           main] .w.s.a.s.AnnotationActionEndpointMapping : Supporting [WS-Addressing August 2004, WS-Addressing 1.0]
2024-04-11T17:46:09.102+09:00  INFO 706745 --- [demo2] [           main] o.hibernate.jpa.internal.util.LogHelper  : HHH000204: Processing PersistenceUnitInfo [name: default]
2024-04-11T17:46:09.180+09:00  INFO 706745 --- [demo2] [           main] org.hibernate.Version                    : HHH000412: Hibernate ORM core version 6.4.4.Final
2024-04-11T17:46:09.224+09:00  INFO 706745 --- [demo2] [           main] o.h.c.internal.RegionFactoryInitiator    : HHH000026: Second-level cache disabled
2024-04-11T17:46:09.606+09:00  INFO 706745 --- [demo2] [           main] o.s.o.j.p.SpringPersistenceUnitInfo      : No LoadTimeWeaver setup: ignoring JPA class transformer
2024-04-11T17:46:09.635+09:00  INFO 706745 --- [demo2] [           main] com.zaxxer.hikari.HikariDataSource       : HikariPool-1 - Starting...
2024-04-11T17:46:09.828+09:00  INFO 706745 --- [demo2] [           main] com.zaxxer.hikari.pool.HikariPool        : HikariPool-1 - Added connection org.mariadb.jdbc.Connection@14874a5d
2024-04-11T17:46:09.831+09:00  INFO 706745 --- [demo2] [           main] com.zaxxer.hikari.HikariDataSource       : HikariPool-1 - Start completed.
2024-04-11T17:46:09.887+09:00  WARN 706745 --- [demo2] [           main] org.hibernate.orm.deprecation            : HHH90000025: MariaDBDialect does not need to be specified explicitly using 'hibernate.dialect' (remove the property setting and it will be selected by default)
2024-04-11T17:46:10.457+09:00  WARN 706745 --- [demo2] [           main] org.hibernate.mapping.RootClass          : HHH000038: Composite-id class does not override equals(): main.spring.login.demo2.entity.GradePriceId
2024-04-11T17:46:10.458+09:00  WARN 706745 --- [demo2] [           main] org.hibernate.mapping.RootClass          : HHH000039: Composite-id class does not override hashCode(): main.spring.login.demo2.entity.GradePriceId
2024-04-11T17:46:10.458+09:00  WARN 706745 --- [demo2] [           main] org.hibernate.mapping.RootClass          : HHH000038: Composite-id class does not override equals(): main.spring.login.demo2.entity.CStorageId
2024-04-11T17:46:10.459+09:00  WARN 706745 --- [demo2] [           main] org.hibernate.mapping.RootClass          : HHH000039: Composite-id class does not override hashCode(): main.spring.login.demo2.entity.CStorageId
2024-04-11T17:46:11.440+09:00  INFO 706745 --- [demo2] [           main] o.h.e.t.j.p.i.JtaPlatformInitiator       : HHH000489: No JTA platform available (set 'hibernate.transaction.jta.platform' to enable JTA platform integration)
2024-04-11T17:46:12.875+09:00  INFO 706745 --- [demo2] [           main] j.LocalContainerEntityManagerFactoryBean : Initialized JPA EntityManagerFactory for persistence unit 'default'
2024-04-11T17:46:13.387+09:00  INFO 706745 --- [demo2] [           main] o.s.d.j.r.query.QueryEnhancerFactory     : JSqlParser is in classpath; If applicable, JSqlParser will be used
2024-04-11T17:46:13.387+09:00  INFO 706745 --- [demo2] [           main] o.s.d.j.r.query.QueryEnhancerFactory     : Hibernate is in classpath; If applicable, HQL parser will be used.
2024-04-11T17:46:14.805+09:00  WARN 706745 --- [demo2] [           main] JpaBaseConfiguration$JpaWebConfiguration : spring.jpa.open-in-view is enabled by default. Therefore, database queries may be performed during view rendering. Explicitly configure spring.jpa.open-in-view to disable this warning
2024-04-11T17:46:14.841+09:00  INFO 706745 --- [demo2] [           main] o.s.b.a.w.s.WelcomePageHandlerMapping    : Adding welcome page: class path resource [static/index.html]
2024-04-11T17:46:15.354+09:00  WARN 706745 --- [demo2] [           main] ion$DefaultTemplateResolverConfiguration : Cannot find template location: classpath:/templates/ (please add some templates, check your Thymeleaf configuration, or set spring.thymeleaf.check-template-location=false)
2024-04-11T17:46:15.749+09:00  INFO 706745 --- [demo2] [           main] m.s.login.demo2.Demo2ApplicationTests    : Started Demo2ApplicationTests in 9.354 seconds (process running for 10.77)
]]></system-out>
  </testcase>
</testsuite>